<?xml version="1.0" encoding="UTF-8"?>
<testng-results skipped="0" failed="0" ignored="0" total="1" passed="1">
  <reporter-output>
  </reporter-output>
  <suite name="Default suite" duration-ms="2046" started-at="2022-01-09T13:34:48 IST" finished-at="2022-01-09T13:34:50 IST">
    <groups>
    </groups>
    <test name="Default test" duration-ms="2046" started-at="2022-01-09T13:34:48 IST" finished-at="2022-01-09T13:34:50 IST">
      <class name="com.qa.tests.PostAPITest">
        <test-method status="PASS" signature="setUp()[pri:0, instance:com.qa.tests.PostAPITest@4e7dc304]" name="setUp" is-config="true" duration-ms="9" started-at="2022-01-09T13:34:48 IST" finished-at="2022-01-09T13:34:48 IST">
          <reporter-output>
          </reporter-output>
        </test-method> <!-- setUp -->
        <test-method status="PASS" signature="postAPI()[pri:0, instance:com.qa.tests.PostAPITest@4e7dc304]" name="postAPI" duration-ms="1983" started-at="2022-01-09T13:34:48 IST" finished-at="2022-01-09T13:34:50 IST">
          <reporter-output>
          </reporter-output>
        </test-method> <!-- postAPI -->
      </class> <!-- com.qa.tests.PostAPITest -->
    </test> <!-- Default test -->
  </suite> <!-- Default suite -->
</testng-results>
